<?xml version="1.0" encoding="UTF-8"?>
<!-- Generated by org.testng.reporters.JUnitReportReporter -->
<testsuite hostname="Kamil-komp" name="leadTest.leadTest" tests="1" failures="0" timestamp="3 Oct 2015 13:25:17 GMT" time="25.935" errors="0">
  <testcase name="addNewNowte" time="25.935" classname="leadTest.leadTest"/>
</testsuite> <!-- leadTest.leadTest -->
