<?xml version="1.0" encoding="UTF-8"?>
<!-- Generated by org.testng.reporters.JUnitReportReporter -->
<testsuite hostname="Kamil-komp" name="leadTest.AddleadTest" tests="1" failures="0" timestamp="3 Oct 2015 15:05:26 GMT" time="27.105" errors="0">
  <testcase name="addNewNowte" time="27.105" classname="leadTest.AddleadTest"/>
</testsuite> <!-- leadTest.AddleadTest -->
